已經開始建置於 2015/12/28 下午 06:42:04。
     1>節點 2 (Build 目標) 上的專案 "E:\GITHUB CODE\Kinect-project\Kinect-capture\Kinect-capture.vcxproj"。
     1>ClCompile:
         C:\Program Files (x86)\Microsoft Visual Studio 12.0\VC\bin\CL.exe /c /I"E:\GITHUB CODE\Kinect-project\\ExternalLib\include\opencv300" /I"E:\GITHUB CODE\Kinect-project\\ExternalLib\include\Kinect" /ZI /nologo /W3 /WX- /sdl /Od /Oy- /D WIN32 /D _WINDOWS /D _DEBUG /D _UNICODE /D UNICODE /D _CRT_SECURE_NO_WARNINGS /Gm /EHsc /RTC1 /MTd /GS /fp:precise /Zc:wchar_t /Zc:forScope /Yu"stdafx.h" /Fp"Debug\Kinect-capture.pch" /Fo"Debug\\" /Fd"Debug\vc120.pdb" /Gd /TP /analyze- /errorReport:prompt practice.cpp
         practice.cpp
     1>e:\github code\kinect-project\externallib\include\opencv300\opencv2\core\mat.hpp(1918): warning C4819: 檔案含有無法在目前字碼頁 (950) 中表示的字元。請以 Unicode 格式儲存檔案以防止資料遺失
     1>e:\github code\kinect-project\externallib\include\opencv300\opencv2\core\persistence.hpp : warning C4819: 檔案含有無法在目前字碼頁 (950) 中表示的字元。請以 Unicode 格式儲存檔案以防止資料遺失
     1>e:\github code\kinect-project\externallib\include\opencv300\opencv2\core\utility.hpp : warning C4819: 檔案含有無法在目前字碼頁 (950) 中表示的字元。請以 Unicode 格式儲存檔案以防止資料遺失
     1>e:\github code\kinect-project\kinect-capture\plane.h(32): warning C4244: '引數' : 將 'const double' 轉換為 'const float'，由於類型不同，可能導致資料遺失
     1>e:\github code\kinect-project\kinect-capture\plane.h(33): warning C4244: '引數' : 將 'const double' 轉換為 'const float'，由於類型不同，可能導致資料遺失
     1>e:\github code\kinect-project\kinect-capture\plane.h(110): warning C4244: '引數' : 將 'double' 轉換為 'const float'，由於類型不同，可能導致資料遺失
     1>e:\github code\kinect-project\kinect-capture\plane.h(205): warning C4244: '引數' : 將 'double' 轉換為 'const float'，由於類型不同，可能導致資料遺失
     1>e:\github code\kinect-project\kinect-capture\practice.cpp(402): warning C4018: '<' : signed/unsigned 不相符
     1>e:\github code\kinect-project\kinect-capture\practice.cpp(403): warning C4018: '<' : signed/unsigned 不相符
     1>e:\github code\kinect-project\kinect-capture\practice.cpp(416): warning C4018: '<' : signed/unsigned 不相符
     1>e:\github code\kinect-project\kinect-capture\practice.cpp(423): warning C4018: '<' : signed/unsigned 不相符
     1>e:\github code\kinect-project\kinect-capture\practice.cpp(465): warning C4018: '<' : signed/unsigned 不相符
     1>e:\github code\kinect-project\kinect-capture\practice.cpp(470): warning C4018: '<' : signed/unsigned 不相符
     1>e:\github code\kinect-project\kinect-capture\practice.cpp(477): warning C4018: '<' : signed/unsigned 不相符
     1>e:\github code\kinect-project\kinect-capture\practice.cpp(495): warning C4018: '<' : signed/unsigned 不相符
     1>e:\github code\kinect-project\kinect-capture\practice.cpp(501): warning C4018: '<' : signed/unsigned 不相符
     1>e:\github code\kinect-project\kinect-capture\practice.cpp(507): warning C4018: '<' : signed/unsigned 不相符
     1>e:\github code\kinect-project\kinect-capture\practice.cpp(513): warning C4018: '<' : signed/unsigned 不相符
     1>e:\github code\kinect-project\kinect-capture\practice.cpp(520): warning C4018: '<' : signed/unsigned 不相符
       Link:
         C:\Program Files (x86)\Microsoft Visual Studio 12.0\VC\bin\link.exe /ERRORREPORT:PROMPT /OUT:"E:\GITHUB CODE\Kinect-project\Debug\Kinect-capture.exe" /INCREMENTAL /NOLOGO /LIBPATH:"E:\GITHUB CODE\Kinect-project\\ExternalLib\Lib" /MANIFEST /MANIFESTUAC:"level='asInvoker' uiAccess='false'" /manifest:embed /manifestinput:"C:\Program Files (x86)\Microsoft Visual Studio 12.0\VC\Include\Manifest\dpiaware.manifest" /DEBUG /PDB:"E:\GITHUB CODE\Kinect-project\Debug\Kinect-capture.pdb" /SUBSYSTEM:WINDOWS /TLBID:1 /ENTRY:"wWinMainCRTStartup" /DYNAMICBASE /NXCOMPAT /IMPLIB:"E:\GITHUB CODE\Kinect-project\Debug\Kinect-capture.lib" /MACHINE:X86 "Debug\Kinect-capture.res"
         "Debug\Kinect-capture.obj"
         "Debug\Kinect-captureDlg.obj"
         Debug\matrix_cal.obj
         Debug\Plane.obj
         Debug\practice.obj
         Debug\stdafx.obj
         Kinect-capture.vcxproj -> E:\GITHUB CODE\Kinect-project\Debug\Kinect-capture.exe
     1>專案 "E:\GITHUB CODE\Kinect-project\Kinect-capture\Kinect-capture.vcxproj" (Build 目標) 建置完成。

建置成功。

經過時間 00:00:01.65
